21-Jul-2024 09:44:37.549 INFO [main] org.apache.catalina.core.StandardServer.await A valid shutdown command was received via the shutdown port. Stopping the Server instance.
21-Jul-2024 09:44:37.601 INFO [main] org.apache.coyote.AbstractProtocol.pause Pausing ProtocolHandler ["http-nio-8080"]
21-Jul-2024 09:44:37.650 INFO [main] org.apache.catalina.core.StandardService.stopInternal Stopping service [Catalina]
21-Jul-2024 09:44:37.965 INFO [main] org.apache.coyote.AbstractProtocol.stop Stopping ProtocolHandler ["http-nio-8080"]
21-Jul-2024 09:44:37.985 INFO [main] org.apache.coyote.AbstractProtocol.destroy Destroying ProtocolHandler ["http-nio-8080"]
21-Jul-2024 09:58:07.272 INFO [main] org.apache.catalina.startup.VersionLoggerListener.log Server version name:   Apache Tomcat/9.0.84
21-Jul-2024 09:58:07.284 INFO [main] org.apache.catalina.startup.VersionLoggerListener.log Server built:          Dec 7 2023 19:27:40 UTC
21-Jul-2024 09:58:07.284 INFO [main] org.apache.catalina.startup.VersionLoggerListener.log Server version number: 9.0.84.0
21-Jul-2024 09:58:07.285 INFO [main] org.apache.catalina.startup.VersionLoggerListener.log OS Name:               Windows 10
21-Jul-2024 09:58:07.285 INFO [main] org.apache.catalina.startup.VersionLoggerListener.log OS Version:            10.0
21-Jul-2024 09:58:07.285 INFO [main] org.apache.catalina.startup.VersionLoggerListener.log Architecture:          amd64
21-Jul-2024 09:58:07.285 INFO [main] org.apache.catalina.startup.VersionLoggerListener.log Java Home:             C:\Program Files\Java\jdk-21.0.1
21-Jul-2024 09:58:07.286 INFO [main] org.apache.catalina.startup.VersionLoggerListener.log JVM Version:           21.0.1+12-LTS-29
21-Jul-2024 09:58:07.286 INFO [main] org.apache.catalina.startup.VersionLoggerListener.log JVM Vendor:            Oracle Corporation
21-Jul-2024 09:58:07.286 INFO [main] org.apache.catalina.startup.VersionLoggerListener.log CATALINA_BASE:         D:\SDE-Projects\p1_crudservlet
21-Jul-2024 09:58:07.287 INFO [main] org.apache.catalina.startup.VersionLoggerListener.log CATALINA_HOME:         D:\SDE-Tools\apache-tomcat-9.0.84-windows-x64\apache-tomcat-9.0.84
21-Jul-2024 09:58:07.327 INFO [main] org.apache.catalina.startup.VersionLoggerListener.log Command line argument: --add-opens=java.base/java.lang=ALL-UNNAMED
21-Jul-2024 09:58:07.328 INFO [main] org.apache.catalina.startup.VersionLoggerListener.log Command line argument: --add-opens=java.base/java.io=ALL-UNNAMED
21-Jul-2024 09:58:07.328 INFO [main] org.apache.catalina.startup.VersionLoggerListener.log Command line argument: --add-opens=java.base/java.util=ALL-UNNAMED
21-Jul-2024 09:58:07.328 INFO [main] org.apache.catalina.startup.VersionLoggerListener.log Command line argument: --add-opens=java.base/java.util.concurrent=ALL-UNNAMED
21-Jul-2024 09:58:07.329 INFO [main] org.apache.catalina.startup.VersionLoggerListener.log Command line argument: --add-opens=java.rmi/sun.rmi.transport=ALL-UNNAMED
21-Jul-2024 09:58:07.329 INFO [main] org.apache.catalina.startup.VersionLoggerListener.log Command line argument: -Dcatalina.home=D:\SDE-Tools\apache-tomcat-9.0.84-windows-x64\apache-tomcat-9.0.84
21-Jul-2024 09:58:07.329 INFO [main] org.apache.catalina.startup.VersionLoggerListener.log Command line argument: -Dcatalina.base=D:\SDE-Projects\p1_crudservlet
21-Jul-2024 09:58:07.329 INFO [main] org.apache.catalina.startup.VersionLoggerListener.log Command line argument: -Djava.io.tmpdir=D:\SDE-Projects\p1_crudservlet\temp
21-Jul-2024 09:58:07.329 INFO [main] org.apache.catalina.startup.VersionLoggerListener.log Command line argument: -Djava.util.logging.config.file=D:\SDE-Projects\p1_crudservlet\conf\logging.properties
21-Jul-2024 09:58:07.329 INFO [main] org.apache.catalina.startup.VersionLoggerListener.log Command line argument: -Djava.util.logging.manager=org.apache.juli.ClassLoaderLogManager
21-Jul-2024 09:58:07.330 INFO [main] org.apache.catalina.startup.VersionLoggerListener.log Command line argument: -javaagent:C:\Program Files\JetBrains\IntelliJ IDEA 2023.3.2\lib\idea_rt.jar=55955:C:\Program Files\JetBrains\IntelliJ IDEA 2023.3.2\bin
21-Jul-2024 09:58:07.330 INFO [main] org.apache.catalina.startup.VersionLoggerListener.log Command line argument: -Dfile.encoding=UTF-8
21-Jul-2024 09:58:07.330 INFO [main] org.apache.catalina.startup.VersionLoggerListener.log Command line argument: -Dsun.stdout.encoding=UTF-8
21-Jul-2024 09:58:07.330 INFO [main] org.apache.catalina.startup.VersionLoggerListener.log Command line argument: -Dsun.stderr.encoding=UTF-8
21-Jul-2024 09:58:07.677 INFO [main] org.apache.catalina.core.AprLifecycleListener.lifecycleEvent Loaded Apache Tomcat Native library [1.2.39] using APR version [1.7.4].
21-Jul-2024 09:58:07.677 INFO [main] org.apache.catalina.core.AprLifecycleListener.lifecycleEvent APR capabilities: IPv6 [true], sendfile [true], accept filters [false], random [true], UDS [true].
21-Jul-2024 09:58:07.678 INFO [main] org.apache.catalina.core.AprLifecycleListener.lifecycleEvent APR/OpenSSL configuration: useAprConnector [false], useOpenSSL [true]
21-Jul-2024 09:58:07.696 INFO [main] org.apache.catalina.core.AprLifecycleListener.initializeSSL OpenSSL successfully initialized [OpenSSL 3.0.11 19 Sep 2023]
21-Jul-2024 09:58:08.368 INFO [main] org.apache.coyote.AbstractProtocol.init Initializing ProtocolHandler ["http-nio-8080"]
21-Jul-2024 09:58:08.416 INFO [main] org.apache.catalina.startup.Catalina.load Server initialization in [1555] milliseconds
21-Jul-2024 09:58:08.506 INFO [main] org.apache.catalina.core.StandardService.startInternal Starting service [Catalina]
21-Jul-2024 09:58:08.506 INFO [main] org.apache.catalina.core.StandardEngine.startInternal Starting Servlet engine: [Apache Tomcat/9.0.84]
21-Jul-2024 09:58:08.524 INFO [main] org.apache.catalina.startup.HostConfig.deployDescriptor Deploying deployment descriptor [D:\SDE-Projects\p1_crudservlet\conf\Catalina\localhost\p1_crudservlet.xml]
21-Jul-2024 09:58:08.869 WARNING [main] org.apache.tomcat.util.descriptor.web.WebXml.setVersion Unknown version string [5.0]. Default version will be used.
21-Jul-2024 09:58:09.367 INFO [main] org.apache.catalina.startup.HostConfig.deployDescriptor Deployment of deployment descriptor [D:\SDE-Projects\p1_crudservlet\conf\Catalina\localhost\p1_crudservlet.xml] has finished in [843] ms
21-Jul-2024 09:58:09.381 INFO [main] org.apache.coyote.AbstractProtocol.start Starting ProtocolHandler ["http-nio-8080"]
21-Jul-2024 09:58:09.435 INFO [main] org.apache.catalina.startup.Catalina.start Server startup in [1017] milliseconds
21-Jul-2024 10:01:51.683 INFO [Thread-1] org.apache.coyote.AbstractProtocol.pause Pausing ProtocolHandler ["http-nio-8080"]
21-Jul-2024 10:01:51.688 INFO [Thread-1] org.apache.catalina.core.StandardService.stopInternal Stopping service [Catalina]
21-Jul-2024 10:01:51.725 INFO [Thread-1] org.apache.coyote.AbstractProtocol.stop Stopping ProtocolHandler ["http-nio-8080"]
21-Jul-2024 10:01:51.739 INFO [Thread-1] org.apache.coyote.AbstractProtocol.destroy Destroying ProtocolHandler ["http-nio-8080"]
21-Jul-2024 10:01:58.958 INFO [main] org.apache.catalina.startup.VersionLoggerListener.log Server version name:   Apache Tomcat/9.0.84
21-Jul-2024 10:01:58.969 INFO [main] org.apache.catalina.startup.VersionLoggerListener.log Server built:          Dec 7 2023 19:27:40 UTC
21-Jul-2024 10:01:58.971 INFO [main] org.apache.catalina.startup.VersionLoggerListener.log Server version number: 9.0.84.0
21-Jul-2024 10:01:58.971 INFO [main] org.apache.catalina.startup.VersionLoggerListener.log OS Name:               Windows 10
21-Jul-2024 10:01:58.972 INFO [main] org.apache.catalina.startup.VersionLoggerListener.log OS Version:            10.0
21-Jul-2024 10:01:58.973 INFO [main] org.apache.catalina.startup.VersionLoggerListener.log Architecture:          amd64
21-Jul-2024 10:01:58.973 INFO [main] org.apache.catalina.startup.VersionLoggerListener.log Java Home:             C:\Program Files\Java\jdk-21.0.1
21-Jul-2024 10:01:58.974 INFO [main] org.apache.catalina.startup.VersionLoggerListener.log JVM Version:           21.0.1+12-LTS-29
21-Jul-2024 10:01:58.975 INFO [main] org.apache.catalina.startup.VersionLoggerListener.log JVM Vendor:            Oracle Corporation
21-Jul-2024 10:01:58.977 INFO [main] org.apache.catalina.startup.VersionLoggerListener.log CATALINA_BASE:         D:\SDE-Projects\p1_crudservlet
21-Jul-2024 10:01:58.977 INFO [main] org.apache.catalina.startup.VersionLoggerListener.log CATALINA_HOME:         D:\SDE-Tools\apache-tomcat-9.0.84-windows-x64\apache-tomcat-9.0.84
21-Jul-2024 10:01:58.997 INFO [main] org.apache.catalina.startup.VersionLoggerListener.log Command line argument: --add-opens=java.base/java.lang=ALL-UNNAMED
21-Jul-2024 10:01:58.997 INFO [main] org.apache.catalina.startup.VersionLoggerListener.log Command line argument: --add-opens=java.base/java.io=ALL-UNNAMED
21-Jul-2024 10:01:58.998 INFO [main] org.apache.catalina.startup.VersionLoggerListener.log Command line argument: --add-opens=java.base/java.util=ALL-UNNAMED
21-Jul-2024 10:01:58.998 INFO [main] org.apache.catalina.startup.VersionLoggerListener.log Command line argument: --add-opens=java.base/java.util.concurrent=ALL-UNNAMED
21-Jul-2024 10:01:58.998 INFO [main] org.apache.catalina.startup.VersionLoggerListener.log Command line argument: --add-opens=java.rmi/sun.rmi.transport=ALL-UNNAMED
21-Jul-2024 10:01:58.998 INFO [main] org.apache.catalina.startup.VersionLoggerListener.log Command line argument: -Dcatalina.home=D:\SDE-Tools\apache-tomcat-9.0.84-windows-x64\apache-tomcat-9.0.84
21-Jul-2024 10:01:58.999 INFO [main] org.apache.catalina.startup.VersionLoggerListener.log Command line argument: -Dcatalina.base=D:\SDE-Projects\p1_crudservlet
21-Jul-2024 10:01:58.999 INFO [main] org.apache.catalina.startup.VersionLoggerListener.log Command line argument: -Djava.io.tmpdir=D:\SDE-Projects\p1_crudservlet\temp
21-Jul-2024 10:01:58.999 INFO [main] org.apache.catalina.startup.VersionLoggerListener.log Command line argument: -Djava.util.logging.config.file=D:\SDE-Projects\p1_crudservlet\conf\logging.properties
21-Jul-2024 10:01:58.999 INFO [main] org.apache.catalina.startup.VersionLoggerListener.log Command line argument: -Djava.util.logging.manager=org.apache.juli.ClassLoaderLogManager
21-Jul-2024 10:01:58.999 INFO [main] org.apache.catalina.startup.VersionLoggerListener.log Command line argument: -javaagent:C:\Program Files\JetBrains\IntelliJ IDEA 2023.3.2\lib\idea_rt.jar=55987:C:\Program Files\JetBrains\IntelliJ IDEA 2023.3.2\bin
21-Jul-2024 10:01:58.999 INFO [main] org.apache.catalina.startup.VersionLoggerListener.log Command line argument: -Dfile.encoding=UTF-8
21-Jul-2024 10:01:59.000 INFO [main] org.apache.catalina.startup.VersionLoggerListener.log Command line argument: -Dsun.stdout.encoding=UTF-8
21-Jul-2024 10:01:59.000 INFO [main] org.apache.catalina.startup.VersionLoggerListener.log Command line argument: -Dsun.stderr.encoding=UTF-8
21-Jul-2024 10:01:59.007 INFO [main] org.apache.catalina.core.AprLifecycleListener.lifecycleEvent Loaded Apache Tomcat Native library [1.2.39] using APR version [1.7.4].
21-Jul-2024 10:01:59.008 INFO [main] org.apache.catalina.core.AprLifecycleListener.lifecycleEvent APR capabilities: IPv6 [true], sendfile [true], accept filters [false], random [true], UDS [true].
21-Jul-2024 10:01:59.008 INFO [main] org.apache.catalina.core.AprLifecycleListener.lifecycleEvent APR/OpenSSL configuration: useAprConnector [false], useOpenSSL [true]
21-Jul-2024 10:01:59.022 INFO [main] org.apache.catalina.core.AprLifecycleListener.initializeSSL OpenSSL successfully initialized [OpenSSL 3.0.11 19 Sep 2023]
21-Jul-2024 10:01:59.765 INFO [main] org.apache.coyote.AbstractProtocol.init Initializing ProtocolHandler ["http-nio-8080"]
21-Jul-2024 10:01:59.799 INFO [main] org.apache.catalina.startup.Catalina.load Server initialization in [1284] milliseconds
21-Jul-2024 10:01:59.886 INFO [main] org.apache.catalina.core.StandardService.startInternal Starting service [Catalina]
21-Jul-2024 10:01:59.886 INFO [main] org.apache.catalina.core.StandardEngine.startInternal Starting Servlet engine: [Apache Tomcat/9.0.84]
21-Jul-2024 10:01:59.905 INFO [main] org.apache.catalina.startup.HostConfig.deployDescriptor Deploying deployment descriptor [D:\SDE-Projects\p1_crudservlet\conf\Catalina\localhost\p1_crudservlet.xml]
21-Jul-2024 10:02:00.225 WARNING [main] org.apache.tomcat.util.descriptor.web.WebXml.setVersion Unknown version string [5.0]. Default version will be used.
21-Jul-2024 10:02:01.407 INFO [main] org.apache.jasper.servlet.TldScanner.scanJars At least one JAR was scanned for TLDs yet contained no TLDs. Enable debug logging for this logger for a complete list of JARs that were scanned but no TLDs were found in them. Skipping unneeded JARs during scanning can improve startup time and JSP compilation time.
21-Jul-2024 10:02:01.545 INFO [main] org.apache.catalina.startup.HostConfig.deployDescriptor Deployment of deployment descriptor [D:\SDE-Projects\p1_crudservlet\conf\Catalina\localhost\p1_crudservlet.xml] has finished in [1,639] ms
21-Jul-2024 10:02:01.552 INFO [main] org.apache.coyote.AbstractProtocol.start Starting ProtocolHandler ["http-nio-8080"]
21-Jul-2024 10:02:01.606 INFO [main] org.apache.catalina.startup.Catalina.start Server startup in [1804] milliseconds
21-Jul-2024 10:05:43.358 INFO [Thread-1] org.apache.coyote.AbstractProtocol.pause Pausing ProtocolHandler ["http-nio-8080"]
21-Jul-2024 10:05:43.362 INFO [Thread-1] org.apache.catalina.core.StandardService.stopInternal Stopping service [Catalina]
21-Jul-2024 10:05:43.376 WARNING [Thread-1] org.apache.catalina.loader.WebappClassLoaderBase.clearReferencesJdbc The web application [p1_crudservlet] registered the JDBC driver [com.mysql.cj.jdbc.Driver] but failed to unregister it when the web application was stopped. To prevent a memory leak, the JDBC Driver has been forcibly unregistered.
21-Jul-2024 10:05:43.377 WARNING [Thread-1] org.apache.catalina.loader.WebappClassLoaderBase.clearReferencesThreads The web application [p1_crudservlet] appears to have started a thread named [mysql-cj-abandoned-connection-cleanup] but has failed to stop it. This is very likely to create a memory leak. Stack trace of thread:
 java.base/jdk.internal.misc.Unsafe.park(Native Method)
 java.base/java.util.concurrent.locks.LockSupport.parkNanos(LockSupport.java:269)
 java.base/java.util.concurrent.locks.AbstractQueuedSynchronizer$ConditionObject.await(AbstractQueuedSynchronizer.java:1847)
 java.base/java.lang.ref.ReferenceQueue.await(ReferenceQueue.java:71)
 java.base/java.lang.ref.ReferenceQueue.remove0(ReferenceQueue.java:143)
 java.base/java.lang.ref.ReferenceQueue.remove(ReferenceQueue.java:218)
 com.mysql.cj.jdbc.AbandonedConnectionCleanupThread.run(AbandonedConnectionCleanupThread.java:91)
 java.base/java.util.concurrent.ThreadPoolExecutor.runWorker(ThreadPoolExecutor.java:1144)
 java.base/java.util.concurrent.ThreadPoolExecutor$Worker.run(ThreadPoolExecutor.java:642)
 java.base/java.lang.Thread.run(Thread.java:1583)
21-Jul-2024 10:05:43.394 INFO [Thread-1] org.apache.coyote.AbstractProtocol.stop Stopping ProtocolHandler ["http-nio-8080"]
21-Jul-2024 10:05:43.407 INFO [Thread-1] org.apache.coyote.AbstractProtocol.destroy Destroying ProtocolHandler ["http-nio-8080"]
21-Jul-2024 10:05:54.044 INFO [main] org.apache.catalina.startup.VersionLoggerListener.log Server version name:   Apache Tomcat/9.0.84
21-Jul-2024 10:05:54.065 INFO [main] org.apache.catalina.startup.VersionLoggerListener.log Server built:          Dec 7 2023 19:27:40 UTC
21-Jul-2024 10:05:54.066 INFO [main] org.apache.catalina.startup.VersionLoggerListener.log Server version number: 9.0.84.0
21-Jul-2024 10:05:54.067 INFO [main] org.apache.catalina.startup.VersionLoggerListener.log OS Name:               Windows 10
21-Jul-2024 10:05:54.067 INFO [main] org.apache.catalina.startup.VersionLoggerListener.log OS Version:            10.0
21-Jul-2024 10:05:54.068 INFO [main] org.apache.catalina.startup.VersionLoggerListener.log Architecture:          amd64
21-Jul-2024 10:05:54.068 INFO [main] org.apache.catalina.startup.VersionLoggerListener.log Java Home:             C:\Program Files\Java\jdk-21.0.1
21-Jul-2024 10:05:54.069 INFO [main] org.apache.catalina.startup.VersionLoggerListener.log JVM Version:           21.0.1+12-LTS-29
21-Jul-2024 10:05:54.069 INFO [main] org.apache.catalina.startup.VersionLoggerListener.log JVM Vendor:            Oracle Corporation
21-Jul-2024 10:05:54.069 INFO [main] org.apache.catalina.startup.VersionLoggerListener.log CATALINA_BASE:         D:\SDE-Projects\p1_crudservlet
21-Jul-2024 10:05:54.074 INFO [main] org.apache.catalina.startup.VersionLoggerListener.log CATALINA_HOME:         D:\SDE-Tools\apache-tomcat-9.0.84-windows-x64\apache-tomcat-9.0.84
21-Jul-2024 10:05:54.111 INFO [main] org.apache.catalina.startup.VersionLoggerListener.log Command line argument: --add-opens=java.base/java.lang=ALL-UNNAMED
21-Jul-2024 10:05:54.111 INFO [main] org.apache.catalina.startup.VersionLoggerListener.log Command line argument: --add-opens=java.base/java.io=ALL-UNNAMED
21-Jul-2024 10:05:54.113 INFO [main] org.apache.catalina.startup.VersionLoggerListener.log Command line argument: --add-opens=java.base/java.util=ALL-UNNAMED
21-Jul-2024 10:05:54.113 INFO [main] org.apache.catalina.startup.VersionLoggerListener.log Command line argument: --add-opens=java.base/java.util.concurrent=ALL-UNNAMED
21-Jul-2024 10:05:54.113 INFO [main] org.apache.catalina.startup.VersionLoggerListener.log Command line argument: --add-opens=java.rmi/sun.rmi.transport=ALL-UNNAMED
21-Jul-2024 10:05:54.114 INFO [main] org.apache.catalina.startup.VersionLoggerListener.log Command line argument: -Dcatalina.home=D:\SDE-Tools\apache-tomcat-9.0.84-windows-x64\apache-tomcat-9.0.84
21-Jul-2024 10:05:54.114 INFO [main] org.apache.catalina.startup.VersionLoggerListener.log Command line argument: -Dcatalina.base=D:\SDE-Projects\p1_crudservlet
21-Jul-2024 10:05:54.114 INFO [main] org.apache.catalina.startup.VersionLoggerListener.log Command line argument: -Djava.io.tmpdir=D:\SDE-Projects\p1_crudservlet\temp
21-Jul-2024 10:05:54.115 INFO [main] org.apache.catalina.startup.VersionLoggerListener.log Command line argument: -Djava.util.logging.config.file=D:\SDE-Projects\p1_crudservlet\conf\logging.properties
21-Jul-2024 10:05:54.115 INFO [main] org.apache.catalina.startup.VersionLoggerListener.log Command line argument: -Djava.util.logging.manager=org.apache.juli.ClassLoaderLogManager
21-Jul-2024 10:05:54.116 INFO [main] org.apache.catalina.startup.VersionLoggerListener.log Command line argument: -javaagent:C:\Program Files\JetBrains\IntelliJ IDEA 2023.3.2\lib\idea_rt.jar=56014:C:\Program Files\JetBrains\IntelliJ IDEA 2023.3.2\bin
21-Jul-2024 10:05:54.117 INFO [main] org.apache.catalina.startup.VersionLoggerListener.log Command line argument: -Dfile.encoding=UTF-8
21-Jul-2024 10:05:54.117 INFO [main] org.apache.catalina.startup.VersionLoggerListener.log Command line argument: -Dsun.stdout.encoding=UTF-8
21-Jul-2024 10:05:54.118 INFO [main] org.apache.catalina.startup.VersionLoggerListener.log Command line argument: -Dsun.stderr.encoding=UTF-8
21-Jul-2024 10:05:54.127 INFO [main] org.apache.catalina.core.AprLifecycleListener.lifecycleEvent Loaded Apache Tomcat Native library [1.2.39] using APR version [1.7.4].
21-Jul-2024 10:05:54.128 INFO [main] org.apache.catalina.core.AprLifecycleListener.lifecycleEvent APR capabilities: IPv6 [true], sendfile [true], accept filters [false], random [true], UDS [true].
21-Jul-2024 10:05:54.128 INFO [main] org.apache.catalina.core.AprLifecycleListener.lifecycleEvent APR/OpenSSL configuration: useAprConnector [false], useOpenSSL [true]
21-Jul-2024 10:05:54.148 INFO [main] org.apache.catalina.core.AprLifecycleListener.initializeSSL OpenSSL successfully initialized [OpenSSL 3.0.11 19 Sep 2023]
21-Jul-2024 10:05:55.242 INFO [main] org.apache.coyote.AbstractProtocol.init Initializing ProtocolHandler ["http-nio-8080"]
21-Jul-2024 10:05:55.310 INFO [main] org.apache.catalina.startup.Catalina.load Server initialization in [2317] milliseconds
21-Jul-2024 10:05:55.503 INFO [main] org.apache.catalina.core.StandardService.startInternal Starting service [Catalina]
21-Jul-2024 10:05:55.504 INFO [main] org.apache.catalina.core.StandardEngine.startInternal Starting Servlet engine: [Apache Tomcat/9.0.84]
21-Jul-2024 10:05:55.531 INFO [main] org.apache.catalina.startup.HostConfig.deployDescriptor Deploying deployment descriptor [D:\SDE-Projects\p1_crudservlet\conf\Catalina\localhost\p1_crudservlet.xml]
21-Jul-2024 10:05:56.254 WARNING [main] org.apache.tomcat.util.descriptor.web.WebXml.setVersion Unknown version string [5.0]. Default version will be used.
21-Jul-2024 10:05:58.356 INFO [main] org.apache.jasper.servlet.TldScanner.scanJars At least one JAR was scanned for TLDs yet contained no TLDs. Enable debug logging for this logger for a complete list of JARs that were scanned but no TLDs were found in them. Skipping unneeded JARs during scanning can improve startup time and JSP compilation time.
21-Jul-2024 10:05:58.662 INFO [main] org.apache.catalina.startup.HostConfig.deployDescriptor Deployment of deployment descriptor [D:\SDE-Projects\p1_crudservlet\conf\Catalina\localhost\p1_crudservlet.xml] has finished in [3,130] ms
21-Jul-2024 10:05:58.675 INFO [main] org.apache.coyote.AbstractProtocol.start Starting ProtocolHandler ["http-nio-8080"]
21-Jul-2024 10:05:58.776 INFO [main] org.apache.catalina.startup.Catalina.start Server startup in [3462] milliseconds
21-Jul-2024 10:08:55.423 INFO [Thread-1] org.apache.coyote.AbstractProtocol.pause Pausing ProtocolHandler ["http-nio-8080"]
21-Jul-2024 10:08:55.432 INFO [Thread-1] org.apache.catalina.core.StandardService.stopInternal Stopping service [Catalina]
21-Jul-2024 10:08:55.467 WARNING [Thread-1] org.apache.catalina.loader.WebappClassLoaderBase.clearReferencesJdbc The web application [p1_crudservlet] registered the JDBC driver [com.mysql.cj.jdbc.Driver] but failed to unregister it when the web application was stopped. To prevent a memory leak, the JDBC Driver has been forcibly unregistered.
21-Jul-2024 10:08:55.469 WARNING [Thread-1] org.apache.catalina.loader.WebappClassLoaderBase.clearReferencesThreads The web application [p1_crudservlet] appears to have started a thread named [mysql-cj-abandoned-connection-cleanup] but has failed to stop it. This is very likely to create a memory leak. Stack trace of thread:
 java.base/jdk.internal.misc.Unsafe.park(Native Method)
 java.base/java.util.concurrent.locks.LockSupport.parkNanos(LockSupport.java:269)
 java.base/java.util.concurrent.locks.AbstractQueuedSynchronizer$ConditionObject.await(AbstractQueuedSynchronizer.java:1847)
 java.base/java.lang.ref.ReferenceQueue.await(ReferenceQueue.java:71)
 java.base/java.lang.ref.ReferenceQueue.remove0(ReferenceQueue.java:143)
 java.base/java.lang.ref.ReferenceQueue.remove(ReferenceQueue.java:218)
 com.mysql.cj.jdbc.AbandonedConnectionCleanupThread.run(AbandonedConnectionCleanupThread.java:91)
 java.base/java.util.concurrent.ThreadPoolExecutor.runWorker(ThreadPoolExecutor.java:1144)
 java.base/java.util.concurrent.ThreadPoolExecutor$Worker.run(ThreadPoolExecutor.java:642)
 java.base/java.lang.Thread.run(Thread.java:1583)
21-Jul-2024 10:08:55.497 INFO [Thread-1] org.apache.coyote.AbstractProtocol.stop Stopping ProtocolHandler ["http-nio-8080"]
21-Jul-2024 10:08:55.512 INFO [Thread-1] org.apache.coyote.AbstractProtocol.destroy Destroying ProtocolHandler ["http-nio-8080"]
21-Jul-2024 10:09:02.940 INFO [main] org.apache.catalina.startup.VersionLoggerListener.log Server version name:   Apache Tomcat/9.0.84
21-Jul-2024 10:09:02.952 INFO [main] org.apache.catalina.startup.VersionLoggerListener.log Server built:          Dec 7 2023 19:27:40 UTC
21-Jul-2024 10:09:02.953 INFO [main] org.apache.catalina.startup.VersionLoggerListener.log Server version number: 9.0.84.0
21-Jul-2024 10:09:02.954 INFO [main] org.apache.catalina.startup.VersionLoggerListener.log OS Name:               Windows 10
21-Jul-2024 10:09:02.955 INFO [main] org.apache.catalina.startup.VersionLoggerListener.log OS Version:            10.0
21-Jul-2024 10:09:02.955 INFO [main] org.apache.catalina.startup.VersionLoggerListener.log Architecture:          amd64
21-Jul-2024 10:09:02.956 INFO [main] org.apache.catalina.startup.VersionLoggerListener.log Java Home:             C:\Program Files\Java\jdk-21.0.1
21-Jul-2024 10:09:02.957 INFO [main] org.apache.catalina.startup.VersionLoggerListener.log JVM Version:           21.0.1+12-LTS-29
21-Jul-2024 10:09:02.957 INFO [main] org.apache.catalina.startup.VersionLoggerListener.log JVM Vendor:            Oracle Corporation
21-Jul-2024 10:09:02.958 INFO [main] org.apache.catalina.startup.VersionLoggerListener.log CATALINA_BASE:         D:\SDE-Projects\p1_crudservlet
21-Jul-2024 10:09:02.958 INFO [main] org.apache.catalina.startup.VersionLoggerListener.log CATALINA_HOME:         D:\SDE-Tools\apache-tomcat-9.0.84-windows-x64\apache-tomcat-9.0.84
21-Jul-2024 10:09:02.990 INFO [main] org.apache.catalina.startup.VersionLoggerListener.log Command line argument: --add-opens=java.base/java.lang=ALL-UNNAMED
21-Jul-2024 10:09:02.991 INFO [main] org.apache.catalina.startup.VersionLoggerListener.log Command line argument: --add-opens=java.base/java.io=ALL-UNNAMED
21-Jul-2024 10:09:02.991 INFO [main] org.apache.catalina.startup.VersionLoggerListener.log Command line argument: --add-opens=java.base/java.util=ALL-UNNAMED
21-Jul-2024 10:09:02.992 INFO [main] org.apache.catalina.startup.VersionLoggerListener.log Command line argument: --add-opens=java.base/java.util.concurrent=ALL-UNNAMED
21-Jul-2024 10:09:02.992 INFO [main] org.apache.catalina.startup.VersionLoggerListener.log Command line argument: --add-opens=java.rmi/sun.rmi.transport=ALL-UNNAMED
21-Jul-2024 10:09:02.995 INFO [main] org.apache.catalina.startup.VersionLoggerListener.log Command line argument: -Dcatalina.home=D:\SDE-Tools\apache-tomcat-9.0.84-windows-x64\apache-tomcat-9.0.84
21-Jul-2024 10:09:02.996 INFO [main] org.apache.catalina.startup.VersionLoggerListener.log Command line argument: -Dcatalina.base=D:\SDE-Projects\p1_crudservlet
21-Jul-2024 10:09:02.996 INFO [main] org.apache.catalina.startup.VersionLoggerListener.log Command line argument: -Djava.io.tmpdir=D:\SDE-Projects\p1_crudservlet\temp
21-Jul-2024 10:09:02.997 INFO [main] org.apache.catalina.startup.VersionLoggerListener.log Command line argument: -Djava.util.logging.config.file=D:\SDE-Projects\p1_crudservlet\conf\logging.properties
21-Jul-2024 10:09:02.998 INFO [main] org.apache.catalina.startup.VersionLoggerListener.log Command line argument: -Djava.util.logging.manager=org.apache.juli.ClassLoaderLogManager
21-Jul-2024 10:09:02.998 INFO [main] org.apache.catalina.startup.VersionLoggerListener.log Command line argument: -javaagent:C:\Program Files\JetBrains\IntelliJ IDEA 2023.3.2\lib\idea_rt.jar=56033:C:\Program Files\JetBrains\IntelliJ IDEA 2023.3.2\bin
21-Jul-2024 10:09:02.999 INFO [main] org.apache.catalina.startup.VersionLoggerListener.log Command line argument: -Dfile.encoding=UTF-8
21-Jul-2024 10:09:02.999 INFO [main] org.apache.catalina.startup.VersionLoggerListener.log Command line argument: -Dsun.stdout.encoding=UTF-8
21-Jul-2024 10:09:02.999 INFO [main] org.apache.catalina.startup.VersionLoggerListener.log Command line argument: -Dsun.stderr.encoding=UTF-8
21-Jul-2024 10:09:03.009 INFO [main] org.apache.catalina.core.AprLifecycleListener.lifecycleEvent Loaded Apache Tomcat Native library [1.2.39] using APR version [1.7.4].
21-Jul-2024 10:09:03.009 INFO [main] org.apache.catalina.core.AprLifecycleListener.lifecycleEvent APR capabilities: IPv6 [true], sendfile [true], accept filters [false], random [true], UDS [true].
21-Jul-2024 10:09:03.010 INFO [main] org.apache.catalina.core.AprLifecycleListener.lifecycleEvent APR/OpenSSL configuration: useAprConnector [false], useOpenSSL [true]
21-Jul-2024 10:09:03.030 INFO [main] org.apache.catalina.core.AprLifecycleListener.initializeSSL OpenSSL successfully initialized [OpenSSL 3.0.11 19 Sep 2023]
21-Jul-2024 10:09:04.418 INFO [main] org.apache.coyote.AbstractProtocol.init Initializing ProtocolHandler ["http-nio-8080"]
21-Jul-2024 10:09:04.474 INFO [main] org.apache.catalina.startup.Catalina.load Server initialization in [2147] milliseconds
21-Jul-2024 10:09:04.628 INFO [main] org.apache.catalina.core.StandardService.startInternal Starting service [Catalina]
21-Jul-2024 10:09:04.628 INFO [main] org.apache.catalina.core.StandardEngine.startInternal Starting Servlet engine: [Apache Tomcat/9.0.84]
21-Jul-2024 10:09:04.659 INFO [main] org.apache.catalina.startup.HostConfig.deployDescriptor Deploying deployment descriptor [D:\SDE-Projects\p1_crudservlet\conf\Catalina\localhost\p1_crudservlet.xml]
21-Jul-2024 10:09:05.154 WARNING [main] org.apache.tomcat.util.descriptor.web.WebXml.setVersion Unknown version string [5.0]. Default version will be used.
21-Jul-2024 10:09:07.049 INFO [main] org.apache.jasper.servlet.TldScanner.scanJars At least one JAR was scanned for TLDs yet contained no TLDs. Enable debug logging for this logger for a complete list of JARs that were scanned but no TLDs were found in them. Skipping unneeded JARs during scanning can improve startup time and JSP compilation time.
21-Jul-2024 10:09:07.238 INFO [main] org.apache.catalina.startup.HostConfig.deployDescriptor Deployment of deployment descriptor [D:\SDE-Projects\p1_crudservlet\conf\Catalina\localhost\p1_crudservlet.xml] has finished in [2,576] ms
21-Jul-2024 10:09:07.267 INFO [main] org.apache.coyote.AbstractProtocol.start Starting ProtocolHandler ["http-nio-8080"]
21-Jul-2024 10:09:07.348 INFO [main] org.apache.catalina.startup.Catalina.start Server startup in [2870] milliseconds
21-Jul-2024 10:13:28.294 INFO [Thread-1] org.apache.coyote.AbstractProtocol.pause Pausing ProtocolHandler ["http-nio-8080"]
21-Jul-2024 10:13:28.301 INFO [Thread-1] org.apache.catalina.core.StandardService.stopInternal Stopping service [Catalina]
21-Jul-2024 10:13:28.319 WARNING [Thread-1] org.apache.catalina.loader.WebappClassLoaderBase.clearReferencesJdbc The web application [p1_crudservlet] registered the JDBC driver [com.mysql.cj.jdbc.Driver] but failed to unregister it when the web application was stopped. To prevent a memory leak, the JDBC Driver has been forcibly unregistered.
21-Jul-2024 10:13:28.320 WARNING [Thread-1] org.apache.catalina.loader.WebappClassLoaderBase.clearReferencesThreads The web application [p1_crudservlet] appears to have started a thread named [mysql-cj-abandoned-connection-cleanup] but has failed to stop it. This is very likely to create a memory leak. Stack trace of thread:
 java.base/jdk.internal.misc.Unsafe.park(Native Method)
 java.base/java.util.concurrent.locks.LockSupport.parkNanos(LockSupport.java:269)
 java.base/java.util.concurrent.locks.AbstractQueuedSynchronizer$ConditionObject.await(AbstractQueuedSynchronizer.java:1847)
 java.base/java.lang.ref.ReferenceQueue.await(ReferenceQueue.java:71)
 java.base/java.lang.ref.ReferenceQueue.remove0(ReferenceQueue.java:143)
 java.base/java.lang.ref.ReferenceQueue.remove(ReferenceQueue.java:218)
 com.mysql.cj.jdbc.AbandonedConnectionCleanupThread.run(AbandonedConnectionCleanupThread.java:91)
 java.base/java.util.concurrent.ThreadPoolExecutor.runWorker(ThreadPoolExecutor.java:1144)
 java.base/java.util.concurrent.ThreadPoolExecutor$Worker.run(ThreadPoolExecutor.java:642)
 java.base/java.lang.Thread.run(Thread.java:1583)
21-Jul-2024 10:13:28.341 INFO [Thread-1] org.apache.coyote.AbstractProtocol.stop Stopping ProtocolHandler ["http-nio-8080"]
21-Jul-2024 10:13:28.366 INFO [Thread-1] org.apache.coyote.AbstractProtocol.destroy Destroying ProtocolHandler ["http-nio-8080"]
21-Jul-2024 10:13:37.823 INFO [main] org.apache.catalina.startup.VersionLoggerListener.log Server version name:   Apache Tomcat/9.0.84
21-Jul-2024 10:13:37.841 INFO [main] org.apache.catalina.startup.VersionLoggerListener.log Server built:          Dec 7 2023 19:27:40 UTC
21-Jul-2024 10:13:37.842 INFO [main] org.apache.catalina.startup.VersionLoggerListener.log Server version number: 9.0.84.0
21-Jul-2024 10:13:37.844 INFO [main] org.apache.catalina.startup.VersionLoggerListener.log OS Name:               Windows 10
21-Jul-2024 10:13:37.844 INFO [main] org.apache.catalina.startup.VersionLoggerListener.log OS Version:            10.0
21-Jul-2024 10:13:37.844 INFO [main] org.apache.catalina.startup.VersionLoggerListener.log Architecture:          amd64
21-Jul-2024 10:13:37.845 INFO [main] org.apache.catalina.startup.VersionLoggerListener.log Java Home:             C:\Program Files\Java\jdk-21.0.1
21-Jul-2024 10:13:37.845 INFO [main] org.apache.catalina.startup.VersionLoggerListener.log JVM Version:           21.0.1+12-LTS-29
21-Jul-2024 10:13:37.845 INFO [main] org.apache.catalina.startup.VersionLoggerListener.log JVM Vendor:            Oracle Corporation
21-Jul-2024 10:13:37.846 INFO [main] org.apache.catalina.startup.VersionLoggerListener.log CATALINA_BASE:         D:\SDE-Projects\p1_crudservlet
21-Jul-2024 10:13:37.846 INFO [main] org.apache.catalina.startup.VersionLoggerListener.log CATALINA_HOME:         D:\SDE-Tools\apache-tomcat-9.0.84-windows-x64\apache-tomcat-9.0.84
21-Jul-2024 10:13:37.874 INFO [main] org.apache.catalina.startup.VersionLoggerListener.log Command line argument: --add-opens=java.base/java.lang=ALL-UNNAMED
21-Jul-2024 10:13:37.874 INFO [main] org.apache.catalina.startup.VersionLoggerListener.log Command line argument: --add-opens=java.base/java.io=ALL-UNNAMED
21-Jul-2024 10:13:37.875 INFO [main] org.apache.catalina.startup.VersionLoggerListener.log Command line argument: --add-opens=java.base/java.util=ALL-UNNAMED
21-Jul-2024 10:13:37.875 INFO [main] org.apache.catalina.startup.VersionLoggerListener.log Command line argument: --add-opens=java.base/java.util.concurrent=ALL-UNNAMED
21-Jul-2024 10:13:37.875 INFO [main] org.apache.catalina.startup.VersionLoggerListener.log Command line argument: --add-opens=java.rmi/sun.rmi.transport=ALL-UNNAMED
21-Jul-2024 10:13:37.876 INFO [main] org.apache.catalina.startup.VersionLoggerListener.log Command line argument: -Dcatalina.home=D:\SDE-Tools\apache-tomcat-9.0.84-windows-x64\apache-tomcat-9.0.84
21-Jul-2024 10:13:37.876 INFO [main] org.apache.catalina.startup.VersionLoggerListener.log Command line argument: -Dcatalina.base=D:\SDE-Projects\p1_crudservlet
21-Jul-2024 10:13:37.876 INFO [main] org.apache.catalina.startup.VersionLoggerListener.log Command line argument: -Djava.io.tmpdir=D:\SDE-Projects\p1_crudservlet\temp
21-Jul-2024 10:13:37.877 INFO [main] org.apache.catalina.startup.VersionLoggerListener.log Command line argument: -Djava.util.logging.config.file=D:\SDE-Projects\p1_crudservlet\conf\logging.properties
21-Jul-2024 10:13:37.877 INFO [main] org.apache.catalina.startup.VersionLoggerListener.log Command line argument: -Djava.util.logging.manager=org.apache.juli.ClassLoaderLogManager
21-Jul-2024 10:13:37.877 INFO [main] org.apache.catalina.startup.VersionLoggerListener.log Command line argument: -javaagent:C:\Program Files\JetBrains\IntelliJ IDEA 2023.3.2\lib\idea_rt.jar=50067:C:\Program Files\JetBrains\IntelliJ IDEA 2023.3.2\bin
21-Jul-2024 10:13:37.878 INFO [main] org.apache.catalina.startup.VersionLoggerListener.log Command line argument: -Dfile.encoding=UTF-8
21-Jul-2024 10:13:37.879 INFO [main] org.apache.catalina.startup.VersionLoggerListener.log Command line argument: -Dsun.stdout.encoding=UTF-8
21-Jul-2024 10:13:37.879 INFO [main] org.apache.catalina.startup.VersionLoggerListener.log Command line argument: -Dsun.stderr.encoding=UTF-8
21-Jul-2024 10:13:37.888 INFO [main] org.apache.catalina.core.AprLifecycleListener.lifecycleEvent Loaded Apache Tomcat Native library [1.2.39] using APR version [1.7.4].
21-Jul-2024 10:13:37.889 INFO [main] org.apache.catalina.core.AprLifecycleListener.lifecycleEvent APR capabilities: IPv6 [true], sendfile [true], accept filters [false], random [true], UDS [true].
21-Jul-2024 10:13:37.889 INFO [main] org.apache.catalina.core.AprLifecycleListener.lifecycleEvent APR/OpenSSL configuration: useAprConnector [false], useOpenSSL [true]
21-Jul-2024 10:13:37.911 INFO [main] org.apache.catalina.core.AprLifecycleListener.initializeSSL OpenSSL successfully initialized [OpenSSL 3.0.11 19 Sep 2023]
21-Jul-2024 10:13:39.043 INFO [main] org.apache.coyote.AbstractProtocol.init Initializing ProtocolHandler ["http-nio-8080"]
21-Jul-2024 10:13:39.094 INFO [main] org.apache.catalina.startup.Catalina.load Server initialization in [2062] milliseconds
21-Jul-2024 10:13:39.294 INFO [main] org.apache.catalina.core.StandardService.startInternal Starting service [Catalina]
21-Jul-2024 10:13:39.295 INFO [main] org.apache.catalina.core.StandardEngine.startInternal Starting Servlet engine: [Apache Tomcat/9.0.84]
21-Jul-2024 10:13:39.325 INFO [main] org.apache.catalina.startup.HostConfig.deployDescriptor Deploying deployment descriptor [D:\SDE-Projects\p1_crudservlet\conf\Catalina\localhost\p1_crudservlet.xml]
21-Jul-2024 10:13:39.888 WARNING [main] org.apache.tomcat.util.descriptor.web.WebXml.setVersion Unknown version string [5.0]. Default version will be used.
21-Jul-2024 10:13:41.606 INFO [main] org.apache.jasper.servlet.TldScanner.scanJars At least one JAR was scanned for TLDs yet contained no TLDs. Enable debug logging for this logger for a complete list of JARs that were scanned but no TLDs were found in them. Skipping unneeded JARs during scanning can improve startup time and JSP compilation time.
21-Jul-2024 10:13:41.827 INFO [main] org.apache.catalina.startup.HostConfig.deployDescriptor Deployment of deployment descriptor [D:\SDE-Projects\p1_crudservlet\conf\Catalina\localhost\p1_crudservlet.xml] has finished in [2,496] ms
21-Jul-2024 10:13:41.841 INFO [main] org.apache.coyote.AbstractProtocol.start Starting ProtocolHandler ["http-nio-8080"]
21-Jul-2024 10:13:41.923 INFO [main] org.apache.catalina.startup.Catalina.start Server startup in [2824] milliseconds
21-Jul-2024 10:19:38.336 INFO [Thread-1] org.apache.coyote.AbstractProtocol.pause Pausing ProtocolHandler ["http-nio-8080"]
21-Jul-2024 10:19:38.342 INFO [Thread-1] org.apache.catalina.core.StandardService.stopInternal Stopping service [Catalina]
21-Jul-2024 10:19:38.387 WARNING [Thread-1] org.apache.catalina.loader.WebappClassLoaderBase.clearReferencesJdbc The web application [p1_crudservlet] registered the JDBC driver [com.mysql.cj.jdbc.Driver] but failed to unregister it when the web application was stopped. To prevent a memory leak, the JDBC Driver has been forcibly unregistered.
21-Jul-2024 10:19:38.389 WARNING [Thread-1] org.apache.catalina.loader.WebappClassLoaderBase.clearReferencesThreads The web application [p1_crudservlet] appears to have started a thread named [mysql-cj-abandoned-connection-cleanup] but has failed to stop it. This is very likely to create a memory leak. Stack trace of thread:
 java.base/jdk.internal.misc.Unsafe.park(Native Method)
 java.base/java.util.concurrent.locks.LockSupport.parkNanos(LockSupport.java:269)
 java.base/java.util.concurrent.locks.AbstractQueuedSynchronizer$ConditionObject.await(AbstractQueuedSynchronizer.java:1847)
 java.base/java.lang.ref.ReferenceQueue.await(ReferenceQueue.java:71)
 java.base/java.lang.ref.ReferenceQueue.remove0(ReferenceQueue.java:143)
 java.base/java.lang.ref.ReferenceQueue.remove(ReferenceQueue.java:218)
 com.mysql.cj.jdbc.AbandonedConnectionCleanupThread.run(AbandonedConnectionCleanupThread.java:91)
 java.base/java.util.concurrent.ThreadPoolExecutor.runWorker(ThreadPoolExecutor.java:1144)
 java.base/java.util.concurrent.ThreadPoolExecutor$Worker.run(ThreadPoolExecutor.java:642)
 java.base/java.lang.Thread.run(Thread.java:1583)
21-Jul-2024 10:19:38.412 INFO [Thread-1] org.apache.coyote.AbstractProtocol.stop Stopping ProtocolHandler ["http-nio-8080"]
21-Jul-2024 10:19:38.434 INFO [Thread-1] org.apache.coyote.AbstractProtocol.destroy Destroying ProtocolHandler ["http-nio-8080"]
21-Jul-2024 10:19:47.334 INFO [main] org.apache.catalina.startup.VersionLoggerListener.log Server version name:   Apache Tomcat/9.0.84
21-Jul-2024 10:19:47.343 INFO [main] org.apache.catalina.startup.VersionLoggerListener.log Server built:          Dec 7 2023 19:27:40 UTC
21-Jul-2024 10:19:47.344 INFO [main] org.apache.catalina.startup.VersionLoggerListener.log Server version number: 9.0.84.0
21-Jul-2024 10:19:47.344 INFO [main] org.apache.catalina.startup.VersionLoggerListener.log OS Name:               Windows 10
21-Jul-2024 10:19:47.344 INFO [main] org.apache.catalina.startup.VersionLoggerListener.log OS Version:            10.0
21-Jul-2024 10:19:47.346 INFO [main] org.apache.catalina.startup.VersionLoggerListener.log Architecture:          amd64
21-Jul-2024 10:19:47.346 INFO [main] org.apache.catalina.startup.VersionLoggerListener.log Java Home:             C:\Program Files\Java\jdk-21.0.1
21-Jul-2024 10:19:47.347 INFO [main] org.apache.catalina.startup.VersionLoggerListener.log JVM Version:           21.0.1+12-LTS-29
21-Jul-2024 10:19:47.347 INFO [main] org.apache.catalina.startup.VersionLoggerListener.log JVM Vendor:            Oracle Corporation
21-Jul-2024 10:19:47.347 INFO [main] org.apache.catalina.startup.VersionLoggerListener.log CATALINA_BASE:         D:\SDE-Projects\p1_crudservlet
21-Jul-2024 10:19:47.347 INFO [main] org.apache.catalina.startup.VersionLoggerListener.log CATALINA_HOME:         D:\SDE-Tools\apache-tomcat-9.0.84-windows-x64\apache-tomcat-9.0.84
21-Jul-2024 10:19:47.367 INFO [main] org.apache.catalina.startup.VersionLoggerListener.log Command line argument: --add-opens=java.base/java.lang=ALL-UNNAMED
21-Jul-2024 10:19:47.368 INFO [main] org.apache.catalina.startup.VersionLoggerListener.log Command line argument: --add-opens=java.base/java.io=ALL-UNNAMED
21-Jul-2024 10:19:47.368 INFO [main] org.apache.catalina.startup.VersionLoggerListener.log Command line argument: --add-opens=java.base/java.util=ALL-UNNAMED
21-Jul-2024 10:19:47.369 INFO [main] org.apache.catalina.startup.VersionLoggerListener.log Command line argument: --add-opens=java.base/java.util.concurrent=ALL-UNNAMED
21-Jul-2024 10:19:47.369 INFO [main] org.apache.catalina.startup.VersionLoggerListener.log Command line argument: --add-opens=java.rmi/sun.rmi.transport=ALL-UNNAMED
21-Jul-2024 10:19:47.369 INFO [main] org.apache.catalina.startup.VersionLoggerListener.log Command line argument: -Dcatalina.home=D:\SDE-Tools\apache-tomcat-9.0.84-windows-x64\apache-tomcat-9.0.84
21-Jul-2024 10:19:47.369 INFO [main] org.apache.catalina.startup.VersionLoggerListener.log Command line argument: -Dcatalina.base=D:\SDE-Projects\p1_crudservlet
21-Jul-2024 10:19:47.371 INFO [main] org.apache.catalina.startup.VersionLoggerListener.log Command line argument: -Djava.io.tmpdir=D:\SDE-Projects\p1_crudservlet\temp
21-Jul-2024 10:19:47.371 INFO [main] org.apache.catalina.startup.VersionLoggerListener.log Command line argument: -Djava.util.logging.config.file=D:\SDE-Projects\p1_crudservlet\conf\logging.properties
21-Jul-2024 10:19:47.371 INFO [main] org.apache.catalina.startup.VersionLoggerListener.log Command line argument: -Djava.util.logging.manager=org.apache.juli.ClassLoaderLogManager
21-Jul-2024 10:19:47.371 INFO [main] org.apache.catalina.startup.VersionLoggerListener.log Command line argument: -javaagent:C:\Program Files\JetBrains\IntelliJ IDEA 2023.3.2\lib\idea_rt.jar=50097:C:\Program Files\JetBrains\IntelliJ IDEA 2023.3.2\bin
21-Jul-2024 10:19:47.371 INFO [main] org.apache.catalina.startup.VersionLoggerListener.log Command line argument: -Dfile.encoding=UTF-8
21-Jul-2024 10:19:47.372 INFO [main] org.apache.catalina.startup.VersionLoggerListener.log Command line argument: -Dsun.stdout.encoding=UTF-8
21-Jul-2024 10:19:47.373 INFO [main] org.apache.catalina.startup.VersionLoggerListener.log Command line argument: -Dsun.stderr.encoding=UTF-8
21-Jul-2024 10:19:47.382 INFO [main] org.apache.catalina.core.AprLifecycleListener.lifecycleEvent Loaded Apache Tomcat Native library [1.2.39] using APR version [1.7.4].
21-Jul-2024 10:19:47.382 INFO [main] org.apache.catalina.core.AprLifecycleListener.lifecycleEvent APR capabilities: IPv6 [true], sendfile [true], accept filters [false], random [true], UDS [true].
21-Jul-2024 10:19:47.382 INFO [main] org.apache.catalina.core.AprLifecycleListener.lifecycleEvent APR/OpenSSL configuration: useAprConnector [false], useOpenSSL [true]
21-Jul-2024 10:19:47.398 INFO [main] org.apache.catalina.core.AprLifecycleListener.initializeSSL OpenSSL successfully initialized [OpenSSL 3.0.11 19 Sep 2023]
21-Jul-2024 10:19:48.437 INFO [main] org.apache.coyote.AbstractProtocol.init Initializing ProtocolHandler ["http-nio-8080"]
21-Jul-2024 10:19:48.505 INFO [main] org.apache.catalina.startup.Catalina.load Server initialization in [1837] milliseconds
21-Jul-2024 10:19:48.731 INFO [main] org.apache.catalina.core.StandardService.startInternal Starting service [Catalina]
21-Jul-2024 10:19:48.731 INFO [main] org.apache.catalina.core.StandardEngine.startInternal Starting Servlet engine: [Apache Tomcat/9.0.84]
21-Jul-2024 10:19:48.772 INFO [main] org.apache.catalina.startup.HostConfig.deployDescriptor Deploying deployment descriptor [D:\SDE-Projects\p1_crudservlet\conf\Catalina\localhost\p1_crudservlet.xml]
21-Jul-2024 10:19:49.236 WARNING [main] org.apache.tomcat.util.descriptor.web.WebXml.setVersion Unknown version string [5.0]. Default version will be used.
21-Jul-2024 10:19:50.842 INFO [main] org.apache.jasper.servlet.TldScanner.scanJars At least one JAR was scanned for TLDs yet contained no TLDs. Enable debug logging for this logger for a complete list of JARs that were scanned but no TLDs were found in them. Skipping unneeded JARs during scanning can improve startup time and JSP compilation time.
21-Jul-2024 10:19:51.015 INFO [main] org.apache.catalina.startup.HostConfig.deployDescriptor Deployment of deployment descriptor [D:\SDE-Projects\p1_crudservlet\conf\Catalina\localhost\p1_crudservlet.xml] has finished in [2,243] ms
21-Jul-2024 10:19:51.031 INFO [main] org.apache.coyote.AbstractProtocol.start Starting ProtocolHandler ["http-nio-8080"]
21-Jul-2024 10:19:51.116 INFO [main] org.apache.catalina.startup.Catalina.start Server startup in [2602] milliseconds
21-Jul-2024 10:29:11.352 INFO [Thread-1] org.apache.coyote.AbstractProtocol.pause Pausing ProtocolHandler ["http-nio-8080"]
21-Jul-2024 10:29:11.359 INFO [Thread-1] org.apache.catalina.core.StandardService.stopInternal Stopping service [Catalina]
21-Jul-2024 10:29:11.378 WARNING [Thread-1] org.apache.catalina.loader.WebappClassLoaderBase.clearReferencesJdbc The web application [p1_crudservlet] registered the JDBC driver [com.mysql.cj.jdbc.Driver] but failed to unregister it when the web application was stopped. To prevent a memory leak, the JDBC Driver has been forcibly unregistered.
21-Jul-2024 10:29:11.380 WARNING [Thread-1] org.apache.catalina.loader.WebappClassLoaderBase.clearReferencesThreads The web application [p1_crudservlet] appears to have started a thread named [mysql-cj-abandoned-connection-cleanup] but has failed to stop it. This is very likely to create a memory leak. Stack trace of thread:
 java.base/jdk.internal.misc.Unsafe.park(Native Method)
 java.base/java.util.concurrent.locks.LockSupport.parkNanos(LockSupport.java:269)
 java.base/java.util.concurrent.locks.AbstractQueuedSynchronizer$ConditionObject.await(AbstractQueuedSynchronizer.java:1847)
 java.base/java.lang.ref.ReferenceQueue.await(ReferenceQueue.java:71)
 java.base/java.lang.ref.ReferenceQueue.remove0(ReferenceQueue.java:143)
 java.base/java.lang.ref.ReferenceQueue.remove(ReferenceQueue.java:218)
 com.mysql.cj.jdbc.AbandonedConnectionCleanupThread.run(AbandonedConnectionCleanupThread.java:91)
 java.base/java.util.concurrent.ThreadPoolExecutor.runWorker(ThreadPoolExecutor.java:1144)
 java.base/java.util.concurrent.ThreadPoolExecutor$Worker.run(ThreadPoolExecutor.java:642)
 java.base/java.lang.Thread.run(Thread.java:1583)
21-Jul-2024 10:29:11.395 INFO [Thread-1] org.apache.coyote.AbstractProtocol.stop Stopping ProtocolHandler ["http-nio-8080"]
21-Jul-2024 10:29:11.408 INFO [Thread-1] org.apache.coyote.AbstractProtocol.destroy Destroying ProtocolHandler ["http-nio-8080"]
21-Jul-2024 10:29:23.608 INFO [main] org.apache.catalina.startup.VersionLoggerListener.log Server version name:   Apache Tomcat/9.0.84
21-Jul-2024 10:29:23.626 INFO [main] org.apache.catalina.startup.VersionLoggerListener.log Server built:          Dec 7 2023 19:27:40 UTC
21-Jul-2024 10:29:23.626 INFO [main] org.apache.catalina.startup.VersionLoggerListener.log Server version number: 9.0.84.0
21-Jul-2024 10:29:23.627 INFO [main] org.apache.catalina.startup.VersionLoggerListener.log OS Name:               Windows 10
21-Jul-2024 10:29:23.629 INFO [main] org.apache.catalina.startup.VersionLoggerListener.log OS Version:            10.0
21-Jul-2024 10:29:23.629 INFO [main] org.apache.catalina.startup.VersionLoggerListener.log Architecture:          amd64
21-Jul-2024 10:29:23.629 INFO [main] org.apache.catalina.startup.VersionLoggerListener.log Java Home:             C:\Program Files\Java\jdk-21.0.1
21-Jul-2024 10:29:23.630 INFO [main] org.apache.catalina.startup.VersionLoggerListener.log JVM Version:           21.0.1+12-LTS-29
21-Jul-2024 10:29:23.631 INFO [main] org.apache.catalina.startup.VersionLoggerListener.log JVM Vendor:            Oracle Corporation
21-Jul-2024 10:29:23.633 INFO [main] org.apache.catalina.startup.VersionLoggerListener.log CATALINA_BASE:         D:\SDE-Projects\p1_crudservlet
21-Jul-2024 10:29:23.633 INFO [main] org.apache.catalina.startup.VersionLoggerListener.log CATALINA_HOME:         D:\SDE-Tools\apache-tomcat-9.0.84-windows-x64\apache-tomcat-9.0.84
21-Jul-2024 10:29:23.661 INFO [main] org.apache.catalina.startup.VersionLoggerListener.log Command line argument: --add-opens=java.base/java.lang=ALL-UNNAMED
21-Jul-2024 10:29:23.662 INFO [main] org.apache.catalina.startup.VersionLoggerListener.log Command line argument: --add-opens=java.base/java.io=ALL-UNNAMED
21-Jul-2024 10:29:23.662 INFO [main] org.apache.catalina.startup.VersionLoggerListener.log Command line argument: --add-opens=java.base/java.util=ALL-UNNAMED
21-Jul-2024 10:29:23.662 INFO [main] org.apache.catalina.startup.VersionLoggerListener.log Command line argument: --add-opens=java.base/java.util.concurrent=ALL-UNNAMED
21-Jul-2024 10:29:23.663 INFO [main] org.apache.catalina.startup.VersionLoggerListener.log Command line argument: --add-opens=java.rmi/sun.rmi.transport=ALL-UNNAMED
21-Jul-2024 10:29:23.663 INFO [main] org.apache.catalina.startup.VersionLoggerListener.log Command line argument: -Dcatalina.home=D:\SDE-Tools\apache-tomcat-9.0.84-windows-x64\apache-tomcat-9.0.84
21-Jul-2024 10:29:23.664 INFO [main] org.apache.catalina.startup.VersionLoggerListener.log Command line argument: -Dcatalina.base=D:\SDE-Projects\p1_crudservlet
21-Jul-2024 10:29:23.664 INFO [main] org.apache.catalina.startup.VersionLoggerListener.log Command line argument: -Djava.io.tmpdir=D:\SDE-Projects\p1_crudservlet\temp
21-Jul-2024 10:29:23.664 INFO [main] org.apache.catalina.startup.VersionLoggerListener.log Command line argument: -Djava.util.logging.config.file=D:\SDE-Projects\p1_crudservlet\conf\logging.properties
21-Jul-2024 10:29:23.665 INFO [main] org.apache.catalina.startup.VersionLoggerListener.log Command line argument: -Djava.util.logging.manager=org.apache.juli.ClassLoaderLogManager
21-Jul-2024 10:29:23.665 INFO [main] org.apache.catalina.startup.VersionLoggerListener.log Command line argument: -javaagent:C:\Program Files\JetBrains\IntelliJ IDEA 2023.3.2\lib\idea_rt.jar=50140:C:\Program Files\JetBrains\IntelliJ IDEA 2023.3.2\bin
21-Jul-2024 10:29:23.666 INFO [main] org.apache.catalina.startup.VersionLoggerListener.log Command line argument: -Dfile.encoding=UTF-8
21-Jul-2024 10:29:23.666 INFO [main] org.apache.catalina.startup.VersionLoggerListener.log Command line argument: -Dsun.stdout.encoding=UTF-8
21-Jul-2024 10:29:23.667 INFO [main] org.apache.catalina.startup.VersionLoggerListener.log Command line argument: -Dsun.stderr.encoding=UTF-8
21-Jul-2024 10:29:23.676 INFO [main] org.apache.catalina.core.AprLifecycleListener.lifecycleEvent Loaded Apache Tomcat Native library [1.2.39] using APR version [1.7.4].
21-Jul-2024 10:29:23.677 INFO [main] org.apache.catalina.core.AprLifecycleListener.lifecycleEvent APR capabilities: IPv6 [true], sendfile [true], accept filters [false], random [true], UDS [true].
21-Jul-2024 10:29:23.677 INFO [main] org.apache.catalina.core.AprLifecycleListener.lifecycleEvent APR/OpenSSL configuration: useAprConnector [false], useOpenSSL [true]
21-Jul-2024 10:29:23.694 INFO [main] org.apache.catalina.core.AprLifecycleListener.initializeSSL OpenSSL successfully initialized [OpenSSL 3.0.11 19 Sep 2023]
21-Jul-2024 10:29:24.804 INFO [main] org.apache.coyote.AbstractProtocol.init Initializing ProtocolHandler ["http-nio-8080"]
21-Jul-2024 10:29:24.877 INFO [main] org.apache.catalina.startup.Catalina.load Server initialization in [1870] milliseconds
21-Jul-2024 10:29:24.997 INFO [main] org.apache.catalina.core.StandardService.startInternal Starting service [Catalina]
21-Jul-2024 10:29:24.999 INFO [main] org.apache.catalina.core.StandardEngine.startInternal Starting Servlet engine: [Apache Tomcat/9.0.84]
21-Jul-2024 10:29:25.026 INFO [main] org.apache.catalina.startup.HostConfig.deployDescriptor Deploying deployment descriptor [D:\SDE-Projects\p1_crudservlet\conf\Catalina\localhost\p1_crudservlet.xml]
21-Jul-2024 10:29:25.445 WARNING [main] org.apache.tomcat.util.descriptor.web.WebXml.setVersion Unknown version string [5.0]. Default version will be used.
21-Jul-2024 10:29:27.273 INFO [main] org.apache.jasper.servlet.TldScanner.scanJars At least one JAR was scanned for TLDs yet contained no TLDs. Enable debug logging for this logger for a complete list of JARs that were scanned but no TLDs were found in them. Skipping unneeded JARs during scanning can improve startup time and JSP compilation time.
21-Jul-2024 10:29:27.443 INFO [main] org.apache.catalina.startup.HostConfig.deployDescriptor Deployment of deployment descriptor [D:\SDE-Projects\p1_crudservlet\conf\Catalina\localhost\p1_crudservlet.xml] has finished in [2,414] ms
21-Jul-2024 10:29:27.450 INFO [main] org.apache.coyote.AbstractProtocol.start Starting ProtocolHandler ["http-nio-8080"]
21-Jul-2024 10:29:27.524 INFO [main] org.apache.catalina.startup.Catalina.start Server startup in [2644] milliseconds
21-Jul-2024 10:36:08.841 INFO [Thread-1] org.apache.coyote.AbstractProtocol.pause Pausing ProtocolHandler ["http-nio-8080"]
21-Jul-2024 10:36:08.849 INFO [Thread-1] org.apache.catalina.core.StandardService.stopInternal Stopping service [Catalina]
21-Jul-2024 10:36:08.872 WARNING [Thread-1] org.apache.catalina.loader.WebappClassLoaderBase.clearReferencesJdbc The web application [p1_crudservlet] registered the JDBC driver [com.mysql.cj.jdbc.Driver] but failed to unregister it when the web application was stopped. To prevent a memory leak, the JDBC Driver has been forcibly unregistered.
21-Jul-2024 10:36:08.874 WARNING [Thread-1] org.apache.catalina.loader.WebappClassLoaderBase.clearReferencesThreads The web application [p1_crudservlet] appears to have started a thread named [mysql-cj-abandoned-connection-cleanup] but has failed to stop it. This is very likely to create a memory leak. Stack trace of thread:
 java.base/jdk.internal.misc.Unsafe.park(Native Method)
 java.base/java.util.concurrent.locks.LockSupport.parkNanos(LockSupport.java:269)
 java.base/java.util.concurrent.locks.AbstractQueuedSynchronizer$ConditionObject.await(AbstractQueuedSynchronizer.java:1847)
 java.base/java.lang.ref.ReferenceQueue.await(ReferenceQueue.java:71)
 java.base/java.lang.ref.ReferenceQueue.remove0(ReferenceQueue.java:143)
 java.base/java.lang.ref.ReferenceQueue.remove(ReferenceQueue.java:218)
 com.mysql.cj.jdbc.AbandonedConnectionCleanupThread.run(AbandonedConnectionCleanupThread.java:91)
 java.base/java.util.concurrent.ThreadPoolExecutor.runWorker(ThreadPoolExecutor.java:1144)
 java.base/java.util.concurrent.ThreadPoolExecutor$Worker.run(ThreadPoolExecutor.java:642)
 java.base/java.lang.Thread.run(Thread.java:1583)
21-Jul-2024 10:36:08.896 INFO [Thread-1] org.apache.coyote.AbstractProtocol.stop Stopping ProtocolHandler ["http-nio-8080"]
21-Jul-2024 10:36:08.907 INFO [Thread-1] org.apache.coyote.AbstractProtocol.destroy Destroying ProtocolHandler ["http-nio-8080"]
21-Jul-2024 10:36:19.794 INFO [main] org.apache.catalina.startup.VersionLoggerListener.log Server version name:   Apache Tomcat/9.0.84
21-Jul-2024 10:36:19.806 INFO [main] org.apache.catalina.startup.VersionLoggerListener.log Server built:          Dec 7 2023 19:27:40 UTC
21-Jul-2024 10:36:19.806 INFO [main] org.apache.catalina.startup.VersionLoggerListener.log Server version number: 9.0.84.0
21-Jul-2024 10:36:19.806 INFO [main] org.apache.catalina.startup.VersionLoggerListener.log OS Name:               Windows 10
21-Jul-2024 10:36:19.808 INFO [main] org.apache.catalina.startup.VersionLoggerListener.log OS Version:            10.0
21-Jul-2024 10:36:19.808 INFO [main] org.apache.catalina.startup.VersionLoggerListener.log Architecture:          amd64
21-Jul-2024 10:36:19.808 INFO [main] org.apache.catalina.startup.VersionLoggerListener.log Java Home:             C:\Program Files\Java\jdk-21.0.1
21-Jul-2024 10:36:19.808 INFO [main] org.apache.catalina.startup.VersionLoggerListener.log JVM Version:           21.0.1+12-LTS-29
21-Jul-2024 10:36:19.809 INFO [main] org.apache.catalina.startup.VersionLoggerListener.log JVM Vendor:            Oracle Corporation
21-Jul-2024 10:36:19.809 INFO [main] org.apache.catalina.startup.VersionLoggerListener.log CATALINA_BASE:         D:\SDE-Projects\p1_crudservlet
21-Jul-2024 10:36:19.809 INFO [main] org.apache.catalina.startup.VersionLoggerListener.log CATALINA_HOME:         D:\SDE-Tools\apache-tomcat-9.0.84-windows-x64\apache-tomcat-9.0.84
21-Jul-2024 10:36:19.833 INFO [main] org.apache.catalina.startup.VersionLoggerListener.log Command line argument: --add-opens=java.base/java.lang=ALL-UNNAMED
21-Jul-2024 10:36:19.834 INFO [main] org.apache.catalina.startup.VersionLoggerListener.log Command line argument: --add-opens=java.base/java.io=ALL-UNNAMED
21-Jul-2024 10:36:19.835 INFO [main] org.apache.catalina.startup.VersionLoggerListener.log Command line argument: --add-opens=java.base/java.util=ALL-UNNAMED
21-Jul-2024 10:36:19.835 INFO [main] org.apache.catalina.startup.VersionLoggerListener.log Command line argument: --add-opens=java.base/java.util.concurrent=ALL-UNNAMED
21-Jul-2024 10:36:19.835 INFO [main] org.apache.catalina.startup.VersionLoggerListener.log Command line argument: --add-opens=java.rmi/sun.rmi.transport=ALL-UNNAMED
21-Jul-2024 10:36:19.836 INFO [main] org.apache.catalina.startup.VersionLoggerListener.log Command line argument: -Dcatalina.home=D:\SDE-Tools\apache-tomcat-9.0.84-windows-x64\apache-tomcat-9.0.84
21-Jul-2024 10:36:19.836 INFO [main] org.apache.catalina.startup.VersionLoggerListener.log Command line argument: -Dcatalina.base=D:\SDE-Projects\p1_crudservlet
21-Jul-2024 10:36:19.836 INFO [main] org.apache.catalina.startup.VersionLoggerListener.log Command line argument: -Djava.io.tmpdir=D:\SDE-Projects\p1_crudservlet\temp
21-Jul-2024 10:36:19.837 INFO [main] org.apache.catalina.startup.VersionLoggerListener.log Command line argument: -Djava.util.logging.config.file=D:\SDE-Projects\p1_crudservlet\conf\logging.properties
21-Jul-2024 10:36:19.837 INFO [main] org.apache.catalina.startup.VersionLoggerListener.log Command line argument: -Djava.util.logging.manager=org.apache.juli.ClassLoaderLogManager
21-Jul-2024 10:36:19.838 INFO [main] org.apache.catalina.startup.VersionLoggerListener.log Command line argument: -javaagent:C:\Program Files\JetBrains\IntelliJ IDEA 2023.3.2\lib\idea_rt.jar=50198:C:\Program Files\JetBrains\IntelliJ IDEA 2023.3.2\bin
21-Jul-2024 10:36:19.838 INFO [main] org.apache.catalina.startup.VersionLoggerListener.log Command line argument: -Dfile.encoding=UTF-8
21-Jul-2024 10:36:19.838 INFO [main] org.apache.catalina.startup.VersionLoggerListener.log Command line argument: -Dsun.stdout.encoding=UTF-8
21-Jul-2024 10:36:19.838 INFO [main] org.apache.catalina.startup.VersionLoggerListener.log Command line argument: -Dsun.stderr.encoding=UTF-8
21-Jul-2024 10:36:19.846 INFO [main] org.apache.catalina.core.AprLifecycleListener.lifecycleEvent Loaded Apache Tomcat Native library [1.2.39] using APR version [1.7.4].
21-Jul-2024 10:36:19.846 INFO [main] org.apache.catalina.core.AprLifecycleListener.lifecycleEvent APR capabilities: IPv6 [true], sendfile [true], accept filters [false], random [true], UDS [true].
21-Jul-2024 10:36:19.846 INFO [main] org.apache.catalina.core.AprLifecycleListener.lifecycleEvent APR/OpenSSL configuration: useAprConnector [false], useOpenSSL [true]
21-Jul-2024 10:36:19.866 INFO [main] org.apache.catalina.core.AprLifecycleListener.initializeSSL OpenSSL successfully initialized [OpenSSL 3.0.11 19 Sep 2023]
21-Jul-2024 10:36:20.852 INFO [main] org.apache.coyote.AbstractProtocol.init Initializing ProtocolHandler ["http-nio-8080"]
21-Jul-2024 10:36:20.896 INFO [main] org.apache.catalina.startup.Catalina.load Server initialization in [1756] milliseconds
21-Jul-2024 10:36:21.024 INFO [main] org.apache.catalina.core.StandardService.startInternal Starting service [Catalina]
21-Jul-2024 10:36:21.025 INFO [main] org.apache.catalina.core.StandardEngine.startInternal Starting Servlet engine: [Apache Tomcat/9.0.84]
21-Jul-2024 10:36:21.051 INFO [main] org.apache.catalina.startup.HostConfig.deployDescriptor Deploying deployment descriptor [D:\SDE-Projects\p1_crudservlet\conf\Catalina\localhost\p1_crudservlet.xml]
21-Jul-2024 10:36:21.529 WARNING [main] org.apache.tomcat.util.descriptor.web.WebXml.setVersion Unknown version string [5.0]. Default version will be used.
21-Jul-2024 10:36:23.166 INFO [main] org.apache.jasper.servlet.TldScanner.scanJars At least one JAR was scanned for TLDs yet contained no TLDs. Enable debug logging for this logger for a complete list of JARs that were scanned but no TLDs were found in them. Skipping unneeded JARs during scanning can improve startup time and JSP compilation time.
21-Jul-2024 10:36:23.338 INFO [main] org.apache.catalina.startup.HostConfig.deployDescriptor Deployment of deployment descriptor [D:\SDE-Projects\p1_crudservlet\conf\Catalina\localhost\p1_crudservlet.xml] has finished in [2,286] ms
21-Jul-2024 10:36:23.349 INFO [main] org.apache.coyote.AbstractProtocol.start Starting ProtocolHandler ["http-nio-8080"]
21-Jul-2024 10:36:23.424 INFO [main] org.apache.catalina.startup.Catalina.start Server startup in [2525] milliseconds
21-Jul-2024 11:31:27.340 INFO [Thread-1] org.apache.coyote.AbstractProtocol.pause Pausing ProtocolHandler ["http-nio-8080"]
21-Jul-2024 11:31:27.347 INFO [Thread-1] org.apache.catalina.core.StandardService.stopInternal Stopping service [Catalina]
21-Jul-2024 11:31:27.382 WARNING [Thread-1] org.apache.catalina.loader.WebappClassLoaderBase.clearReferencesJdbc The web application [p1_crudservlet] registered the JDBC driver [com.mysql.cj.jdbc.Driver] but failed to unregister it when the web application was stopped. To prevent a memory leak, the JDBC Driver has been forcibly unregistered.
21-Jul-2024 11:31:27.384 WARNING [Thread-1] org.apache.catalina.loader.WebappClassLoaderBase.clearReferencesThreads The web application [p1_crudservlet] appears to have started a thread named [mysql-cj-abandoned-connection-cleanup] but has failed to stop it. This is very likely to create a memory leak. Stack trace of thread:
 java.base/jdk.internal.misc.Unsafe.park(Native Method)
 java.base/java.util.concurrent.locks.LockSupport.parkNanos(LockSupport.java:269)
 java.base/java.util.concurrent.locks.AbstractQueuedSynchronizer$ConditionObject.await(AbstractQueuedSynchronizer.java:1847)
 java.base/java.lang.ref.ReferenceQueue.await(ReferenceQueue.java:71)
 java.base/java.lang.ref.ReferenceQueue.remove0(ReferenceQueue.java:143)
 java.base/java.lang.ref.ReferenceQueue.remove(ReferenceQueue.java:218)
 com.mysql.cj.jdbc.AbandonedConnectionCleanupThread.run(AbandonedConnectionCleanupThread.java:91)
 java.base/java.util.concurrent.ThreadPoolExecutor.runWorker(ThreadPoolExecutor.java:1144)
 java.base/java.util.concurrent.ThreadPoolExecutor$Worker.run(ThreadPoolExecutor.java:642)
 java.base/java.lang.Thread.run(Thread.java:1583)
21-Jul-2024 11:31:27.411 INFO [Thread-1] org.apache.coyote.AbstractProtocol.stop Stopping ProtocolHandler ["http-nio-8080"]
21-Jul-2024 11:31:27.426 INFO [Thread-1] org.apache.coyote.AbstractProtocol.destroy Destroying ProtocolHandler ["http-nio-8080"]
21-Jul-2024 11:31:36.303 INFO [main] org.apache.catalina.startup.VersionLoggerListener.log Server version name:   Apache Tomcat/9.0.84
21-Jul-2024 11:31:36.313 INFO [main] org.apache.catalina.startup.VersionLoggerListener.log Server built:          Dec 7 2023 19:27:40 UTC
21-Jul-2024 11:31:36.314 INFO [main] org.apache.catalina.startup.VersionLoggerListener.log Server version number: 9.0.84.0
21-Jul-2024 11:31:36.314 INFO [main] org.apache.catalina.startup.VersionLoggerListener.log OS Name:               Windows 10
21-Jul-2024 11:31:36.315 INFO [main] org.apache.catalina.startup.VersionLoggerListener.log OS Version:            10.0
21-Jul-2024 11:31:36.315 INFO [main] org.apache.catalina.startup.VersionLoggerListener.log Architecture:          amd64
21-Jul-2024 11:31:36.315 INFO [main] org.apache.catalina.startup.VersionLoggerListener.log Java Home:             C:\Program Files\Java\jdk-21.0.1
21-Jul-2024 11:31:36.315 INFO [main] org.apache.catalina.startup.VersionLoggerListener.log JVM Version:           21.0.1+12-LTS-29
21-Jul-2024 11:31:36.316 INFO [main] org.apache.catalina.startup.VersionLoggerListener.log JVM Vendor:            Oracle Corporation
21-Jul-2024 11:31:36.316 INFO [main] org.apache.catalina.startup.VersionLoggerListener.log CATALINA_BASE:         D:\SDE-Projects\p1_crudservlet
21-Jul-2024 11:31:36.316 INFO [main] org.apache.catalina.startup.VersionLoggerListener.log CATALINA_HOME:         D:\SDE-Tools\apache-tomcat-9.0.84-windows-x64\apache-tomcat-9.0.84
21-Jul-2024 11:31:36.336 INFO [main] org.apache.catalina.startup.VersionLoggerListener.log Command line argument: --add-opens=java.base/java.lang=ALL-UNNAMED
21-Jul-2024 11:31:36.336 INFO [main] org.apache.catalina.startup.VersionLoggerListener.log Command line argument: --add-opens=java.base/java.io=ALL-UNNAMED
21-Jul-2024 11:31:36.336 INFO [main] org.apache.catalina.startup.VersionLoggerListener.log Command line argument: --add-opens=java.base/java.util=ALL-UNNAMED
21-Jul-2024 11:31:36.337 INFO [main] org.apache.catalina.startup.VersionLoggerListener.log Command line argument: --add-opens=java.base/java.util.concurrent=ALL-UNNAMED
21-Jul-2024 11:31:36.337 INFO [main] org.apache.catalina.startup.VersionLoggerListener.log Command line argument: --add-opens=java.rmi/sun.rmi.transport=ALL-UNNAMED
21-Jul-2024 11:31:36.337 INFO [main] org.apache.catalina.startup.VersionLoggerListener.log Command line argument: -Dcatalina.home=D:\SDE-Tools\apache-tomcat-9.0.84-windows-x64\apache-tomcat-9.0.84
21-Jul-2024 11:31:36.337 INFO [main] org.apache.catalina.startup.VersionLoggerListener.log Command line argument: -Dcatalina.base=D:\SDE-Projects\p1_crudservlet
21-Jul-2024 11:31:36.337 INFO [main] org.apache.catalina.startup.VersionLoggerListener.log Command line argument: -Djava.io.tmpdir=D:\SDE-Projects\p1_crudservlet\temp
21-Jul-2024 11:31:36.338 INFO [main] org.apache.catalina.startup.VersionLoggerListener.log Command line argument: -Djava.util.logging.config.file=D:\SDE-Projects\p1_crudservlet\conf\logging.properties
21-Jul-2024 11:31:36.338 INFO [main] org.apache.catalina.startup.VersionLoggerListener.log Command line argument: -Djava.util.logging.manager=org.apache.juli.ClassLoaderLogManager
21-Jul-2024 11:31:36.338 INFO [main] org.apache.catalina.startup.VersionLoggerListener.log Command line argument: -javaagent:C:\Program Files\JetBrains\IntelliJ IDEA 2023.3.2\lib\idea_rt.jar=50459:C:\Program Files\JetBrains\IntelliJ IDEA 2023.3.2\bin
21-Jul-2024 11:31:36.339 INFO [main] org.apache.catalina.startup.VersionLoggerListener.log Command line argument: -Dfile.encoding=UTF-8
21-Jul-2024 11:31:36.339 INFO [main] org.apache.catalina.startup.VersionLoggerListener.log Command line argument: -Dsun.stdout.encoding=UTF-8
21-Jul-2024 11:31:36.339 INFO [main] org.apache.catalina.startup.VersionLoggerListener.log Command line argument: -Dsun.stderr.encoding=UTF-8
21-Jul-2024 11:31:36.347 INFO [main] org.apache.catalina.core.AprLifecycleListener.lifecycleEvent Loaded Apache Tomcat Native library [1.2.39] using APR version [1.7.4].
21-Jul-2024 11:31:36.348 INFO [main] org.apache.catalina.core.AprLifecycleListener.lifecycleEvent APR capabilities: IPv6 [true], sendfile [true], accept filters [false], random [true], UDS [true].
21-Jul-2024 11:31:36.348 INFO [main] org.apache.catalina.core.AprLifecycleListener.lifecycleEvent APR/OpenSSL configuration: useAprConnector [false], useOpenSSL [true]
21-Jul-2024 11:31:36.364 INFO [main] org.apache.catalina.core.AprLifecycleListener.initializeSSL OpenSSL successfully initialized [OpenSSL 3.0.11 19 Sep 2023]
21-Jul-2024 11:31:37.378 INFO [main] org.apache.coyote.AbstractProtocol.init Initializing ProtocolHandler ["http-nio-8080"]
21-Jul-2024 11:31:37.423 INFO [main] org.apache.catalina.startup.Catalina.load Server initialization in [1708] milliseconds
21-Jul-2024 11:31:37.568 INFO [main] org.apache.catalina.core.StandardService.startInternal Starting service [Catalina]
21-Jul-2024 11:31:37.569 INFO [main] org.apache.catalina.core.StandardEngine.startInternal Starting Servlet engine: [Apache Tomcat/9.0.84]
21-Jul-2024 11:31:37.594 INFO [main] org.apache.catalina.startup.HostConfig.deployDescriptor Deploying deployment descriptor [D:\SDE-Projects\p1_crudservlet\conf\Catalina\localhost\p1_crudservlet.xml]
21-Jul-2024 11:31:37.987 WARNING [main] org.apache.tomcat.util.descriptor.web.WebXml.setVersion Unknown version string [5.0]. Default version will be used.
21-Jul-2024 11:31:39.568 INFO [main] org.apache.jasper.servlet.TldScanner.scanJars At least one JAR was scanned for TLDs yet contained no TLDs. Enable debug logging for this logger for a complete list of JARs that were scanned but no TLDs were found in them. Skipping unneeded JARs during scanning can improve startup time and JSP compilation time.
21-Jul-2024 11:31:39.729 INFO [main] org.apache.catalina.startup.HostConfig.deployDescriptor Deployment of deployment descriptor [D:\SDE-Projects\p1_crudservlet\conf\Catalina\localhost\p1_crudservlet.xml] has finished in [2,133] ms
21-Jul-2024 11:31:39.736 INFO [main] org.apache.coyote.AbstractProtocol.start Starting ProtocolHandler ["http-nio-8080"]
21-Jul-2024 11:31:39.798 INFO [main] org.apache.catalina.startup.Catalina.start Server startup in [2371] milliseconds
21-Jul-2024 11:33:20.013 INFO [Thread-1] org.apache.coyote.AbstractProtocol.pause Pausing ProtocolHandler ["http-nio-8080"]
21-Jul-2024 11:33:20.022 INFO [Thread-1] org.apache.catalina.core.StandardService.stopInternal Stopping service [Catalina]
21-Jul-2024 11:33:20.055 INFO [Thread-1] org.apache.coyote.AbstractProtocol.stop Stopping ProtocolHandler ["http-nio-8080"]
21-Jul-2024 11:33:20.074 INFO [Thread-1] org.apache.coyote.AbstractProtocol.destroy Destroying ProtocolHandler ["http-nio-8080"]
21-Jul-2024 11:33:29.077 INFO [main] org.apache.catalina.startup.VersionLoggerListener.log Server version name:   Apache Tomcat/9.0.84
21-Jul-2024 11:33:29.091 INFO [main] org.apache.catalina.startup.VersionLoggerListener.log Server built:          Dec 7 2023 19:27:40 UTC
21-Jul-2024 11:33:29.092 INFO [main] org.apache.catalina.startup.VersionLoggerListener.log Server version number: 9.0.84.0
21-Jul-2024 11:33:29.093 INFO [main] org.apache.catalina.startup.VersionLoggerListener.log OS Name:               Windows 10
21-Jul-2024 11:33:29.094 INFO [main] org.apache.catalina.startup.VersionLoggerListener.log OS Version:            10.0
21-Jul-2024 11:33:29.094 INFO [main] org.apache.catalina.startup.VersionLoggerListener.log Architecture:          amd64
21-Jul-2024 11:33:29.095 INFO [main] org.apache.catalina.startup.VersionLoggerListener.log Java Home:             C:\Program Files\Java\jdk-21.0.1
21-Jul-2024 11:33:29.095 INFO [main] org.apache.catalina.startup.VersionLoggerListener.log JVM Version:           21.0.1+12-LTS-29
21-Jul-2024 11:33:29.095 INFO [main] org.apache.catalina.startup.VersionLoggerListener.log JVM Vendor:            Oracle Corporation
21-Jul-2024 11:33:29.096 INFO [main] org.apache.catalina.startup.VersionLoggerListener.log CATALINA_BASE:         D:\SDE-Projects\p1_crudservlet
21-Jul-2024 11:33:29.097 INFO [main] org.apache.catalina.startup.VersionLoggerListener.log CATALINA_HOME:         D:\SDE-Tools\apache-tomcat-9.0.84-windows-x64\apache-tomcat-9.0.84
21-Jul-2024 11:33:29.119 INFO [main] org.apache.catalina.startup.VersionLoggerListener.log Command line argument: --add-opens=java.base/java.lang=ALL-UNNAMED
21-Jul-2024 11:33:29.119 INFO [main] org.apache.catalina.startup.VersionLoggerListener.log Command line argument: --add-opens=java.base/java.io=ALL-UNNAMED
21-Jul-2024 11:33:29.120 INFO [main] org.apache.catalina.startup.VersionLoggerListener.log Command line argument: --add-opens=java.base/java.util=ALL-UNNAMED
21-Jul-2024 11:33:29.120 INFO [main] org.apache.catalina.startup.VersionLoggerListener.log Command line argument: --add-opens=java.base/java.util.concurrent=ALL-UNNAMED
21-Jul-2024 11:33:29.120 INFO [main] org.apache.catalina.startup.VersionLoggerListener.log Command line argument: --add-opens=java.rmi/sun.rmi.transport=ALL-UNNAMED
21-Jul-2024 11:33:29.121 INFO [main] org.apache.catalina.startup.VersionLoggerListener.log Command line argument: -Dcatalina.home=D:\SDE-Tools\apache-tomcat-9.0.84-windows-x64\apache-tomcat-9.0.84
21-Jul-2024 11:33:29.121 INFO [main] org.apache.catalina.startup.VersionLoggerListener.log Command line argument: -Dcatalina.base=D:\SDE-Projects\p1_crudservlet
21-Jul-2024 11:33:29.122 INFO [main] org.apache.catalina.startup.VersionLoggerListener.log Command line argument: -Djava.io.tmpdir=D:\SDE-Projects\p1_crudservlet\temp
21-Jul-2024 11:33:29.123 INFO [main] org.apache.catalina.startup.VersionLoggerListener.log Command line argument: -Djava.util.logging.config.file=D:\SDE-Projects\p1_crudservlet\conf\logging.properties
21-Jul-2024 11:33:29.125 INFO [main] org.apache.catalina.startup.VersionLoggerListener.log Command line argument: -Djava.util.logging.manager=org.apache.juli.ClassLoaderLogManager
21-Jul-2024 11:33:29.125 INFO [main] org.apache.catalina.startup.VersionLoggerListener.log Command line argument: -javaagent:C:\Program Files\JetBrains\IntelliJ IDEA 2023.3.2\lib\idea_rt.jar=50499:C:\Program Files\JetBrains\IntelliJ IDEA 2023.3.2\bin
21-Jul-2024 11:33:29.125 INFO [main] org.apache.catalina.startup.VersionLoggerListener.log Command line argument: -Dfile.encoding=UTF-8
21-Jul-2024 11:33:29.126 INFO [main] org.apache.catalina.startup.VersionLoggerListener.log Command line argument: -Dsun.stdout.encoding=UTF-8
21-Jul-2024 11:33:29.126 INFO [main] org.apache.catalina.startup.VersionLoggerListener.log Command line argument: -Dsun.stderr.encoding=UTF-8
21-Jul-2024 11:33:29.134 INFO [main] org.apache.catalina.core.AprLifecycleListener.lifecycleEvent Loaded Apache Tomcat Native library [1.2.39] using APR version [1.7.4].
21-Jul-2024 11:33:29.135 INFO [main] org.apache.catalina.core.AprLifecycleListener.lifecycleEvent APR capabilities: IPv6 [true], sendfile [true], accept filters [false], random [true], UDS [true].
21-Jul-2024 11:33:29.135 INFO [main] org.apache.catalina.core.AprLifecycleListener.lifecycleEvent APR/OpenSSL configuration: useAprConnector [false], useOpenSSL [true]
21-Jul-2024 11:33:29.153 INFO [main] org.apache.catalina.core.AprLifecycleListener.initializeSSL OpenSSL successfully initialized [OpenSSL 3.0.11 19 Sep 2023]
21-Jul-2024 11:33:30.368 INFO [main] org.apache.coyote.AbstractProtocol.init Initializing ProtocolHandler ["http-nio-8080"]
21-Jul-2024 11:33:30.433 INFO [main] org.apache.catalina.startup.Catalina.load Server initialization in [2031] milliseconds
21-Jul-2024 11:33:30.631 INFO [main] org.apache.catalina.core.StandardService.startInternal Starting service [Catalina]
21-Jul-2024 11:33:30.632 INFO [main] org.apache.catalina.core.StandardEngine.startInternal Starting Servlet engine: [Apache Tomcat/9.0.84]
21-Jul-2024 11:33:30.663 INFO [main] org.apache.catalina.startup.HostConfig.deployDescriptor Deploying deployment descriptor [D:\SDE-Projects\p1_crudservlet\conf\Catalina\localhost\p1_crudservlet.xml]
21-Jul-2024 11:33:31.212 WARNING [main] org.apache.tomcat.util.descriptor.web.WebXml.setVersion Unknown version string [5.0]. Default version will be used.
21-Jul-2024 11:33:33.090 INFO [main] org.apache.jasper.servlet.TldScanner.scanJars At least one JAR was scanned for TLDs yet contained no TLDs. Enable debug logging for this logger for a complete list of JARs that were scanned but no TLDs were found in them. Skipping unneeded JARs during scanning can improve startup time and JSP compilation time.
21-Jul-2024 11:33:33.238 INFO [main] org.apache.catalina.startup.HostConfig.deployDescriptor Deployment of deployment descriptor [D:\SDE-Projects\p1_crudservlet\conf\Catalina\localhost\p1_crudservlet.xml] has finished in [2,573] ms
21-Jul-2024 11:33:33.246 INFO [main] org.apache.coyote.AbstractProtocol.start Starting ProtocolHandler ["http-nio-8080"]
21-Jul-2024 11:33:33.329 INFO [main] org.apache.catalina.startup.Catalina.start Server startup in [2891] milliseconds
